jJh
`Hh@
H`pGpO2
hdh-
*F[
tLehB
hmhu
B<(
ehB
piH
gHgI
`pG-GO
geI
dL `O
bNO
p0`BA
 c@ a
 0e[M
p,
 aO
 a@O
P@h
8`h@
`0FH
Op!`
)h
!Aaq`qj
O
aA`OQ
`:HO1
!c8IAbA
`h"
0
*/L!`
!AbB
+J@3
h@`
 PeO@``
hi
(i
HAq1Ac
IA`
 
1.60 ChipID: 
D

pGP
aP
D
pG
FB
0
u(

 
 &
FFFF
Ready
Fail

CRC: 
FpGl
O1
`A`d
`a\
`\
!cHO
hp
FN0F
)F F
p@-GH
MN
m!FO
/b/&c/Hd/
l/#m/Jn/Dp/
r/Gt/
u/v/1D
F!F
AQFO~`
9IF@F
KH
ԤHp`
 0`0i
|!F
!FO
PQFO~`IF@F
(Fa
nLD
+I
(40070
1jHjI
(hpGdI
HbpG
 x
-G
'OMh
K"@
DcE
h`/`
"*`*i

B<O2
FC JHHI

 
`p
 
 
O0
0Uv
.a
*Ix
(
rxB
B 
!)` I
IO@
@A
@
L#x3
' 
GB
GBpp
*>Ͳ
,*ͲE
2B
["
,ɲ
BpG
}pG
-O8K
F
woB
$Jz

0[E
0CEв
GU
G
0k
0c@F
Ѿ
FX
,ѽ8@
 'L
FHA
,@eh
O0
Op
(HQ
 %```
FHA
5c`D%
1
tHA
KZ`,

e8
X,
DY((Y 
IQ0@
3Z(
 pGY pG\
H
H
H
#a#b

 

#a#b
#a#b
1hB
Bp
4ZhC
Bp
JR#@bhi\aijF
#i
#jZ
"bihQ"
2aih
 F
#h"i
JB#@
yyC

-O
F@}"}ax|%|
F
ɲHA
NF
ɲFA
f{
ɲFa
Kf
ɲFa
z!x
J
I
IH
H
H
O
H
L

@e
En
z {{
G
ɲN
AG
NG
G'
ɲG
A
F
!yz

ҲF
B
E`
ɲBA
"|
ҲAB
B
E`
ɲ@
ҲA
"x{
az
 ɲ@
F
ɲ@
ҲA
ɲ"x
e|B
B
E
ɲ@
ҲA
!|
ɲ@a
FE
E@
ҲA
|@
E@
ɲ@
ҲAB
by
ɲ@
bze|#z
 x
0C&{
ON
/c|
z
ҲN"
ҲNB
B@
ɲ@
ҲN
B
ɲ@A!
۲A
ҲCB"#|
#{|
ɲ@a
ҲA
B
N
ɲ@
ҲA
BC#k
#{@
#yz
Ҳ
B
N
ɲ@a
زB@

s

#cCx
yCyC
! "L
%
-O
4 Bx
ɲB
ҲA
xb|ex
Eg
G
F
@
EG
F
@E
ɲE
ҲAB" |
B
ɲ@A!"{
ҲA
ɲy
Fe
e}ya||
GF
FN
N
E
GF
FE
E@
ɲ@
A
E@ 
ɲ@
ҲAB"
!yx
y
A
ɲFa
A
E
ҲA
|@
! "{ {
4ezfy
C(O[
CO
8O
c}`
d
h
L
4H
h
LO
l
p
P
,O
TOK
zO
x
(O
8O
|%xO
$,OK
$K
$O
 $
 K
@
LO
T
(OJ
`&yOV
$DOK
$K
H@
p
pX_
'COU
@
<C|
9C<O
4Cd
pL
C4
C8
C(O
CP
P0@
C`
@)
-O
C
ҲA
!|c{{
N> {@
N`
@g
ɲFa
A
ɲ@
۲B
۲B
C
ҲA
۲B
x!x
ɲz
ҲAb
BF
F@
ɲ@
ҲAB
۲B
{z"|#{gx
Gn
N
@
F
G@
ɲ@A
A
ɲF
A
Ҳ@"x
ɲB
ҲA
۲B
۲x
C 
۲BC
ɲ@
ҲA
۲B
y@
bz#}y
|y
TO
x!
>C"x
3CO
`{O
gy#zf}|
4d
%x@
\O
DK
DK
DK
`O
DK
DK
%y@
O
C`x
 C`O
CC

3B
Bc#
0
3J\c+
\c*
B<
\c*8
4]!D
B*
O0
O0
aEpG
M(FiF
keO
`kC
`
 -C
8
&ܨ
$F(F1F
B
DE
 
 
 
 
 
 
 p
B\2L0N
`L
BIakF
+BhF|
((3h
3`
(3h
}p
_x
K 
$0])]
I
I
H
H
H
F0
JQhbh
H(B
bhN
k F
EO
K 
@-O.K
G+L
%gOHp
w7HF)FBF
O
WeOp
eOp
'gOHp
^
Y(F
&XF1FBF
%
 @B
:?
-A
GFO
VX
e 
0O
 
=O0
@-C
 Oq
LO
 @
@s!F
+ѦH
 Ozq
p
(@,
 Ozq
 Ozq
 Ozq
48F
n
}MO
e
wMO
VeOp
eOp
 Ozq
0oH
 Ozq
 Ozq
 Ozq
 Ozq
RK
!Ozr
(rUH
 Ozq
(hQH
MQH
JPH
 Ozq
(XHKH
 Ozq
(KGH
 Ozq
(ACH
 Ozq
?H
 Ozq
 Ozq
 Ozq
ȱ1H
0H
)H
 Ozq
,H
 Ozq
d 
$K
`
Op

 Ozq
(н
O
K 
F"F#F
!"F#F
O
B9K 9K
 Ozq
`G3H
 Ozq
 Ozq
 Ozq
 Ozq
 Ozq
84

cB`
 Ozq

`pG(
`pGL
`pG0
Op
Ozp
٠A
ؠ7
a
W
"0
١A
ء7
a
W
pG
aE
(`
Kd`
rR

#d8
 -C
!J+F
&C{
;CsN0F
{)
`0F
FF
O(]9]
|
4a,

58,
/0C
FFP
@pHrID
0
ҲC"
ҲCB
ҲC
ҲC
ҲC
ɲC
ɲCa
ɲC
ɲC
ҲC
*0
ɲCa
ɲC
ɲC
ɲC
ɲC
ɲC
CB#
Kl[
a&m
 D
h+(Fq
`M
c*x
H@X
`a&-
!0"m4
,,#,1
`
H
}H
yH}K
uHyK
qHuK
mHqK
qKkJ
!nJ#F
;O
BlK 
hHaI
,@
&`O
'C!
(O
-@
4CD
0C%
B@
B@
]<
,@
*`
~
g
a&
a&0F

F!
F
 -G
TF
%
/Fc{
3
4!& &i
)4  * 
@F9FJF+F
vTF OO
%Fc{3i
cjshc;iS
#cbHF!F
;i#(FIF_
3+b(4B
KhC
i+$0
E

!Or
 -O
F@F6I
(d5L
v%Fc{+@F!F
(T(4BJ
FZ{j
+M(FAF
#aakb?(3B)k{SE&
+ai[E
I
#a
#+ba
$ha
Ozp
K2


F0F)F"F
\ Fp
:(FpG
;gfff-O5L
%.F
ؠذc{
!F
QF
!i
QF
ai
QF
5(4LE
OD
9Fq
9Fl
9Fg
AFb
U
 O0pG
/B
O0
 -O
)nC
<J\0;
AEcӸ
0L
'
\T
B8FIF}
8FIFx
8F&Is
3F
Ep
O0
O0
 
(

$$H
 #H
lF
O@S
L FiF
!#dlC
B/#(
ѡ0
Ѡ0
+$^(
ѡ0
! 
A;۲
Ѡ0
  
A;۲
 pG-O
xVF
Fű
-uZ
LEq
5DE
h+
!1J[h
%KO
)D
-'3,
h
-P
-
վ
$ F

FB
+

 8T
!x9
)8
@-G
FVF
$4
'(FP@F9FJF#F
4B
-G
"K
*O
& LF M"i

3?
F
*O
ws
 
O0
 

\Hc
iɲ
`ppG
S,/
*pGx
 (
Fhphr
Fo
pO0pO0p
 po
pp
0T,
 p Fp

F%F~
^v~B
(h9F2F
0T,
 (F
;v
 F1F*F

%v
*0C
O0
m 
t `
F9$K
p9"K
B"!
&0##
#w&
*0C
*0C
 -C
phӱ
/@
B@
cw}J
*0oA
*0{K
++M]h+
xrKh:
S,/
*h(F
(@
+waK
`aL
'x
hñ"
 F9F
'w
*0gA
*0T,?
+QK
x
+o?K
* o
* S,/
*:K
+`8M
0O
v(F
*0o
*0
+-!
B)
*2С
!. F
,Ozs
cw:xb
#w
@#h"
U,?
hRhB

&O0p#x
 pxwC+

 -O
bx
F<
AF
F(
+@A

 *
0
D9FBF
BJ
/@
*@
HF
pG#x
+B
AAAAAAAAA!
V8
!.J
*
*0C
+K8F
+C8K
G;5K
h+
02
(
0&+K
o!ٺ
4D
8{x
v{x
 FIF


`- F1F
 F1F
`% F
E Fp
F(0F)F
! Fp
 -A
>x'K
!%J
#cp
#cqq
 )F
`
O0
O
(У
x}
1F*F F1F*F1F*F
"
#"hH?
 ~
",fy
^K
""#y

(@
1F
h+NK
#
"d

"S#y
"Jcy
2K
">
+K

(C'K, 
3,2B
B(
h+
#l
1F*F
 
#U
hch%F
hHbhJ%F
 0F0F-G
+7Ch
FO4
hp&h0F
ppeh(F
`h
'F
P
-O

VF&~5D

D
GK
 [(F
"
F@
@M(FIF
  F)F
O0?
5M(F
 F)F
"O0+
&0
#kq
0!h~
~
#~C
"Zp"~
9D2F
k
+;
:::::::::
 h4I
@0
!2J#h
%#h
@F

ٮ
7D
 #O0 
JO

FP~
0
"V
`l
+q~kq
!h~
jpO0p0J
%$(
9F"F
8O00J
F
O0

O0
h?
`&h\K
h?
Lh F
F FOK
hKJ
`O2BK
`O2;K
`m88K
`O20K
`W,K
h?
h)K
`N(K
`O2$K
`C
@!K
h?#
h?
`%i
h?
#`#ah
`O1
`O2
`pG
 pO2
hh;
h9
ixUim
KS$0Ya
q
%(Fp
70
a`pG
s
a`pG
w0
Kh
I 
H.0
a`pG
~e
z8
8


١A
ء7
a
W
۲+F
CB0pG


Th
L F
7
JB!
`pG 
A
`8
/
I)
#
;
 N
 H 
Op
!F"F#F
3 F
 F"F#F
XCh"
aB۲Cs
`}L F|H#{;bi
XuK
{CtKZi
LqK
+@
*@
cK[i
aK[i
hB@
{WI
*@
TK[i
*EJI
CK[id+
+@<K
+<?K
#6JSa6JSa;J
1IIi
+5K
p(JSa
'K
{&K[i
*)K
hB 
2** J
IQ"
*?w
)?Y
)д
JB#@
9d 
ch{
FiB
rF
YhB
3#j F
G FQ$?
bh
*>
(F!h
{8`hQh(Mp
4Bph>
0i
$U$@
0pG
KS 0
pG?
0Ca
KT@U$@
BC0pG
ppG
O0
O00pG
0F!F*F
 Fp=
!P"V
 -C
Gx
/
}a(
hCD
`
 -A
12
F(F
` F.%h
l
=?
`
 -G
OFO
Q0F
 F1FRF
 F1FJF
,ѽ
%%a#q
%a#q87

,q0F!F
bp
`p7
p@
2#K#@
33
!
P`
H(a!)qh
,h
'+i
d#
 0#
"0c
$0
%0^K
&0]K
'0\K
(0[K
)0ZK
*0k
+0XK
$KH
%C>L
J 4J
-L#hXi/!
#hZi
h^21L$h
DB>
~#h
h!m!K
Op
 t
+>8" K
`Gr
 
 

`8Op
` 
nApp
h@0
%L h
##`#K
+7"K
+3!K
+/ K
K
H{
B`
Op
+A#K
(8!K
h|

h3Op
-A
m?K
h
(
$d6K
h\i`4K
*ؿO4R
DFO.K
<,
B5
(6
г?/
`
B(4F
`(
O4
O4
O4
h;` F
!"F#F
!"F#F
& F
!"F#F
F"F#F
!"F#F
!"F#F
K 
@-A
IEH
EDH
@NO
O
O
S0
lF
O2
O8FiF
|a
s0

 pi
0F
%ap
 F
p
!
F%a8
8
!%a8
 p
!|
!w
!s
Fo.ap
 p
O
!K
!F
!A
!=U4F.D
%(F)F5
BO
+B
=
X6
!
!
!
!8F
!.a
p


O
!
!
!
!M4F.D
)FBO
ap
t$
B(4F(F!F:F%D'D6

p


uea 
!^0F
!Z
FV
FR%ap

4Bp
@0
 -O
u[H
WLcnOS
cnOS
i6
i?
i
i
0>
0D
@)C
x)I
#I
а>C
к>C
 *C
л*C

`pGx
 -A
!,J@
!)J#F
@
~,;
40F!F
@F1F
 1F:F#F
@
&D
<0F!F
@F1F
 1F:F#F
@

M
+h
_8J
B; J
H
Ozp
+%!J
 F
L#h
<5H
84H
*K
)M(FiF
P@
`kC
c#KO
`T F
] F
W F
Q F
K F
E F
? F
9
Kiز
KZcpG
h"P
`
#A'
'

k0

{
'Mb
*$

LMMLMN
?0
#h
+t#h
#h#
#h
#h#
#`
#h
#h#
#`#h
#h#
H#h
#h#
#`-K
G#h
#h# 
#h
#h#
#`"H
@#h
#h#
s#`O
#h#
s#`
#h#
c#`1|3h
w
s
(?q
hR
hXj(
h/
^App
 `8
hXj(
h
,App
 `8
*.h
Gu
h[|B`
hc|SjCApp
S`b
$1
ZhB
FS8/
h3Zhch
$ FpG8
 -A
&
LOe
&#|C9F
; chCE
F&FT8
h3Zhsh
&0F
 -G
+K*K
+I)K
+G(K
hj[
KE8&FT8
Fh
@
#kj
&FT8
hSZhsh
&0F
8F1F
\S +
*0pG
 -A#K
&!OApx%F
<+T
jD
lT 
*;x
<T
<T
D
lT 
(ѽ
`pG 
`pG 
H
H"x
H"x
H"x
G0P
x2 
X2 
E2 
h+O
K 
!
d 
7 `8
d 
 `8
wS,/
*pGx
K 
 q
[
ApsDPb
DP`
pp
 e
H
p[
hӹhK
 
xC'_K
NK
IK
hIK
EK
!_
4K
^#K
h" 
 

h"@
 
 @
!
d 
DP`
C`O
hñ(K
`!H9!K
H)
 gfff,)
 3
!
H
K 
O
 
 8
J

Op
_Op
`pG 
App
`Ozp
+
O
og
hKoK
h{kK
gK
QK
pNHwNK
CK
pAH]AK
+i<K
+e<K
 
/K
p,H3,K
 f
 P
U

O2
 -O
wLO
0(!"Fbx#xC
x!y
C`yA
aQ`yyA
"iMQ
2 *
`_K[h3
FF[O]M
!RF
{hKE
)h"(`B
{hKEJJ
`N3FJ
`@L&!"FlCKaxx
CxB
`ay"yB
#:L4H
3 +
Fİܠ0N
!RF;3hKE)
)h(`B
3hKE K
\ F
!h
 `TF
M^F
)h
(`TF
Df


hB 
 
 
xt
Hr
%Hl

 
hApp
`t
 }
x;Op
hCOp
 <
"ZcO
R 
H
H
0
H!F "

hB 
 -C
FiOq
$.];
p(])
4DE
OqODp
"

@
#]
𵫰
5F hahhh
4.FB#x+p

+
(hch
3
 p%K
hB5
@,(@$"M(h
0(0!F

N2h
,
3h#D3`+h
/4p
hl
Op
 `
hBX
H
8

 m
Fb
! J#F
 F,
 J
 D
Op
h `8
@0
Y `
  
`8 
x6K
 4K
0L$h
F
(!*Jn
X
"K
Ih
X
Ih
Kedc
P)
bOra
qI
h;B
h
x
 gfff
+@
&7F4F
`dKS%0<
bJcI
aIbJ
aHbJ
RSK
OK
pkPK
3DK
hH
8FAI
~4K
8F9I
n,K
`16K
(ѱ
++SK
h#RK
`d"@K
`e@K
hB[
#T1J
s[
h"%J
Ѳz
Ozr
h)
@r
Bܭ@!
 gfff8!
 VUUU
h
8
ppG(!
8FU

F F)F

F F)F
x
F F)F
 8N
L FO
A F
{ F@1
dO
KiB
KX`!
 -O
hhK
`O0O
hh
+LHK
+h#`h
.vЮ
+h#`ND
h
^ <cEC>F
F
#h;`
7F{
`
7F

 -
h?+fEJ
`BNDL
*]S
7/`
+ѼFB
+h#`WD
h
X <KE)7F
``F
>FЭ>Fs

 -
FT
T ,T
DD <
3hB
4B
F
 z
+pG
Mb
+pG
 -$
 "M"NK(
,
B
  UL!
-!jF(
0+;#
,4FB
`o
 
-!jF
Kl
ii
JS`pG
JS`pG
#
c
o
гo
г@
+%
b@
)#
KipG
(N
+B*Kj
pS
_Eг
 pG!K
 /M

/3а
/4}
>а
Dr
Vа
iа
iF
44K
3
*/K
2
 
 $K
  K
 
 
 
 
H!
3
z
<"2B
8
h
`8Q 7
IKZh
"CZ`
8DK
B1У#
Bw<K[m
Ѵ
nɲ
f81K[m
Ѵ
nɲ
"pbB
f8%K[m
Ѵ
nɲ
Ѵ
oɲ
Ѵ
oɲ
+7
H~
F
I 
%`p
4p
(!
,
Ft
BB`
h"`
u3K\b
)Y
Fr
Fj
KhpG
KXipG
Khɲ"
C`pG
KZiɲ"
CYapG
&@'
&@'
1pG
BWh
&@'
5CU`
`[
PpG
Hm@
 =Gs
`8
#c`cl
##d#h*{#
C#` Fihh+xc`
##d8
i
H -
-p@-

#h#`
#`#h
C%`bap
Hb

K#@ka8
@c`
`CadAr
#epG
F|
+hC
C+`|
#}C
Ck`(Fahh#{s#x`88
F)h#
C+`+h|
C+`#{C
Sk`(Fahhwc{
#`#x`8
ipG
AcpG-
AO
"J='
FO
fD
%F
<
{cE

*FO
F
8
@f?+5CB
[CEs
O0
O0
O0

pGO
)
M


`+`p `:!
*+`p







2" F#F
c
6
 Mb
\

Z
"
kF
kF
kF
4B
hB 
H:
D!F*F
 K
Fp@?
 G
`pGY

!O
 -A
(Fah
x
8Fqh
3x#r
6FE
4B(F
8Fah
H!x
Bӽ
4Bӽ
 FO
 F^
0@

 V
1
h+[h
0
h(+@
()@
.0
h(+}
/0
h(+Z
()M
,H0I
-0
h(+ 
G
G
(=(F
 $IG
 p#N$I(F
(6V
)-
 p
2 
 p$
+
#F
0*
tS8/
H
H
iBi
F(F!F3Fpp
F(F!F3F
 Fp
F"L F
 F1F
 F
:##T(F
0D(
 F
:##T_D
 D(
H D9F
Hd
App
"
`#
F F
"8$
H.
aApp
"
+[/H
(K-H
+EѴ
*H*I+JP<*N0F)F"F
#3U0F:!
u( H!I#J=) L
hF!F*F
 <hF

KW
hF!F
J
,
H
FCiB
!(F1F"F
!W
Fkp
M(F!F
J+F(F
HF
Fq0
#8X
h@~R
+&@B
)A.b
B!Ozp
"
Ozp
"
hB 

H

H
!SkiB
( F
+w F9F2F
m

hDA
"(
hDA
x@C
!~
xc 
ppGT)
[
V
 


-;4
89H6K
w6H
w4H
w1H
w/H
w,H
w*H
w'H
hFA
"!
J+F
>A
J+F
p8)
xV
 -A
 0k
 F1F*F
,D@F1F*F
 F
-C
x+@

0
HFAF
"#Fj{
FJI:F#F{{C
FBIBF#F
F<I:F#F
F6I:F#FvkyyC
F.IBF#Fey*zC
F'IBF#FTz
F!I:F#FF*|
I:F#F8
I:F#F*
#0+#
oCCoSC#
8 
O0

 -A
##px0K
!/J#y
+JХi
!,J(F/!
-
&l
0F)F:F
J+Fw
Jo
Jf
J]

K[x+
y
Ozp
"4
"scsG
"h
Hg
pc`#`
O
H$"
j u
j S
x+ F
! J2
F1F*F
#x
Mbxx
Ca"ycyC
#ah
#+qii
Jy F
!OzrW
*
pb
Ozp
"J
h@J
Z;K
+F:K
Bi:K
2@#
(^5K
h3K
sZ{o
% F/!jF
+1"K
DiF*FO
2@#

?
J#F
0z*
h#Y
x(
-O
OF0x
6sx0+
6AF0
;0
 
FB
*;
4>:::::::::::::
:>::
?h;x;;F
B(
ҮTE@
8FxB
 '8FR
4B
8xJ'F
FE}
F:


$'$ D
ФF#F
O 
B,
E#

,ѩE
LFO 
HF
4B
h*O
PF
PF
XF
4P  
eFt

F"h
p#`O33`p

L Fm
#a#b
F8F
H
"3x
J
 gfff1
pppG
pAppG
x@x@
xCxC
 `
O0
 pGpG
KepG
JrO
Ke@3
;O
@0pG

5
pG
O

Kiز
b@R
K@[

KXx
i
K[x
#
#
#
#
#
!"F#F
!"F#F
!"F#F
#(F
#(F
#(F
KZl"CZd<#
"Z`@
"ZehB
`
 F]
KpG0
!ɲ)pkp
h
-
0p
!d8H
!`7H
!\
#
!"F#F
!"F#F&N
Q5`O
13`(F
#(F
"#F(F
#(F
#
#hC
S#`!#dlC
d@
13`
 -
`F\
/JO
EDع
EE
O4
&#0F
O0
O0
O0
&`F

pG
hB
O0]
Ck[
#а
hpGJ
 pG.
 -A
(>(F
(7ng
PDE
!Or9
!1
0F9F*
(F
_0(F
Y
O3

D3o
D3T
D#pG.
D3o
D3.
D3
 p
_:K
+^8KZh
B\6K
Y3K
*X 
U.L
#c``
D#a
 F!F
D3C
rbbձ
D#B 
D#&
O0
O0
O0
O0
O0
O0
 bp
-O
B
D
8O
hThB
\F]h
B@
C0
DC
E#B
D#o
D#kH
jKZ
B#XE
bO
hj,
ACe
tbX`
DC`
D3&HK
FDJ#DK
p'<H
D3o
D3
D#o
D#1K
+L/J
D#
D#B
E#o
E#(H
!Y`
b
\}
D3C@
H
B#
H
 
.?$
D3o
C0
~(@
D#B
D#~(
YK[jA
VJY
SK^j
)PK[j
<K
l;HOr
 7K
a3K
:0Z
1KZ
+-,K
")K
D3o
H
"ȹ
;0K
?3<0

!ORr
K#`@
D3C
%(Fm0B

 pOt
&0F=
 
pZpp

 %K
=*$(F
,-
E
B
O8x
E


 -AOtLMx
  (
<{
%(F
F(
r
j
FV7L&D
%(F
B
 0K
 +K

(Ou%L
pQ%
!H)F
(5b
(FL
<>
p'
p

Ot
%
%(F
8
8
p8
 ? 
K[x
x
!"F
(F8
xpc
 0
xb
!"Fl(F8
 86

+&
 #08
p 
g
L
 F
0` `
0N `
O0

,+Mu,Hv,*t,G9
#
! J
FʲoA
xaA
ppG6
 ^
 )F"Fh
 )F"Fb
0
 p
 )F"F>
 )F"F8
FVHEx
w
 p
x#%K
+="K
x;
#
 "
06
]Ozp
"
Jű
F

 
#t(F8hY
eepG


O0
 -O
g
Fl
(
gh8h
(F;HD
"%
##pch
#Cp
0%
0[D
=(F,
09h2F
BXF!
&HJ
"tt
FhO4e
+@Y
(( 
0
"

f
#{p
1F
h[
#{p
h
"Tm`h1F
[FG
 F
(<
(
HD[
HD
e
Fh FJ,F>D`
FO4
0
 FT
#Cp8K
#+q#}kq
:hK*
0h
H%J
"tt
FTO4Q
0
 F
"
0
#+q#}kq
0F!

F8 F,F
O4

(?\
 F

hd@
%K
"to
<ch
hRx
#

JAO0!
J3O0
J(
p Fp
,f
 -O
Y;
;x
+!Э
8F-
1jx:D
#Sujx:u
":p`{h
AK
ykx
oO
԰o
WFPF*x

/F5D
Zx;}
m#
SFG

!
O0
F
F
FPBx
M(F
Kcx
"T8
F
FPBx
M(F
3cx
"T8
 -O
9GyB[

/L٧
pEF
+?0FQFBF;F
-4lF3F
_-,
дBѹ
Lx
t
a

F?Cx


 Bx
O0
O0

F x
0!
(FH8O08
 -C
##qfq
IF2F

O0
J
-A
3B
#
(FAF"hch|
D!zh
(F#ir
6B
O0
A
)GAx
)C
BBBB
BB$BBB/4B9>
F~
F
F
F+
#6
, 
(0
0Y
J
!u

J% 
+6
 F+

J
x#hF
J
0Y
;XP?

%Kj
pS
_?г
c
뱳
#
o%гo
г@
 pGO
2[h
OzppG
(@BpG
*p(@
xB$
 ppG
h!FB
F!F
F(
ppG
I@:#
`KhC`
`h`
aKiCa
aia
bKjCb
bjb
cKkCc
ckc@0@1@:02
`KhC`
`h`
`FpG

;1
pKxCp
p`FpG
x+C
0Fp0Fɲ
B>C
FpG
+C
+C
*pG
F@
'ѽ
EB
B
! 
+_|
_
_
`FpG
KB
#B
y
EB
i!
 ?Q
BQQ
B@Q
B1Q
B Q
8
2M
K#F
O3#]
1
OpG
*pG
p*
F!FT
[!F
3<j
,*
BppG
F-
&F4F
(--[+-
ux
K
0=B
@E# 
W&7&
B{

pG]EO70-
*a
@B
uxO
 x
F*F h0l(
FpG
FpGC
turn_on
turn_off
chirp_down
chirp_up
critical_alarm
disconnect_alarm
ore_ping
Stop: %s
Start: %s VOLUME:%d
#Raw HR: %d #HR: %d #Raw OX: %d #OX: %d #Batt: %d #Temp: %d #Alerts: %d #Notif: %d #Mov: %d #Red I: %d #IR I: %d #RRMS:  SOCK_OFF_TIMER: %d DATA_AGE_TIMER: %d
#Raw HR: %d #HR: %d #Raw OX: %d #OX: %d #Batt: %d #Temp: %d #Alerts: %d #Notif: %d #Mov: %d #Red I: %d #IR I: %d #Aux 1: %d #Aux 2: %d #Aux 3: %d SOCK_OFF: %d DATA_AGE: %d #Hash: %02X%02X%02X%02X
Badain
#Alerts: %d #Charge: %d #Batt: %d #Temp: %d #T: %d
#Charge: %d #Batt: %d #Temp: %d #Firm: %s #T: %d #Aux 1: %d #Aux 2: %d #Aux 3: %d
#Charge: %d #Batt: %d #Temp: %d #Hard: %02X%02X%02X%02X%02X #Hash: %02X%02X%02X%02X #T: %d #Aux 1: %d #Aux 2: %d #Aux 3: %d
SWITCH to UART 2
SWITCH to UART 1
ble_address_uart_refresh_event
deadbeef
detected deadbeef
Wired: %s
Manually Pairing: %s
NOADDR000000
^^^^^^^^^^^^
ECFE7E000000
E^FE7E^^^^^^
ATSDBLE,0,0
ATSN?
ATLFCLK,1
ATSPL,9,1
DUMMY
ATSDSLE,0,3,7
ATSDMTLE,4500,16,16
ATDC
ATCWL
ATDH
atsditle,10000,800,800
ATSWL,
atsdile,1,0,0,0
ATSDIF,65535,1,1
ATSLED,1,100,65535
ATSDCP,6,6,0,400,1
ATSN,
M2_8_0_0_7212
ATSDBLE,2,0
ATFRST
ATSWL?
OWWADVERTISE
ATSDSTLE,0,200,16380
ATSDSLE,0,0,7
ATSDBLE,1,0
ADVERTISE mode configured:%s
Paired to: %s
BLE_MAC_ID
ATDMLE,
ERROR invalid p code
**Not Long Enough 31**: %s
**Not Long Enough 97**: %s
**Template failure**: %s
**Missed checksum.**
**Fix whitelist**
Pcode: %02X RSSI: %d SEQ: %d %s
0123456789012345678901234567890123456789012345678901234567890123456789012345678901234567890123456
0000000000111111111122222222223333333333444444444455555555556666666666777777777788888888889999999
DISCOVERY,*,E^FE7E^^^^^^,0,-###,2,******-1BFF****************************************************
%02X %s %c %d%c%02X %08X %d %d %d %c
LOCAL_BLE_MAC_ID
**Filled rxBuff, we've probably lost data**
PACKET: %s
uart_com SAND TRAP!! unparsed_bytes: %d
***timeTick: %d***
MCU->BLE: %s
***wait_time count: %d***
***tries count: %d***
BR-LE4.0-S2
DISCONECT
^^^^^^^^^^^^
FACTORY
DISCOVERY
BRSP,0,2
BRSP,0,1
CONNECT
DONE
#,E^FE7E^^^^^^
***************c**
%s:%d sent after %d tries!
Prop - INVALID NAK
Prop - NOT ATLV_ERR
VITAL_STREAM_DATA
%s received!
%s = %s received!
%s = %d received!
%s = %u received!
version
%s sent!
%s = %s sent!
%s = %d sent!
%s = %u sent!
ASYNC FINISHED %d
mark %d active
mark ble_recovery required
start_async_sock_ota
stop_async_sock_ota
start_async_change_device
start_async_update_sock_wl
start_async_inform_sock_of_pairing
stop_async_inform_sock_of_pairing
mark bsl_recovery required
start_charge_stagnation_recovery
,2,0
ATSPIO,8,1,0
ATSPIO,9,1,0
ATSPIO,9,1,1
ATSPIO,8,1,1
ATDH,0
ATSPIO,14,1,1
ATSFC,1
ATSUART,3,2,0,1
ATSBRSP,1,3,0
ATRST
ATMD
ATMRC
atsdble,0,0
atswl,
atcwl
atsdile,0,0,0,0
atsdble,2,0
ATSBRSP,1,3,0
APQR


Exit Sequence mode
Add sequence
Clear sequence
Execute sequence
Found action: %s
LARGE_SHORT
LARGE_LONG
SMALL_SHORT
SMALL_LONG
BOTH_SHORT
BOTH_LONG
ENTER SEQUENCE MODE
Man. Red Alert Test
Cust. Red Alert Test
Clear BLE Mac ID
Clear Wifi
Update UTC
Start OTA
Reset Wifi Module
Send ADS Listen Command
jp5c
y
|~
 jHqA
mQ
kdzbe
 n;^
iLA`rqg
5l
Bɻ@l2u\E
Y=ѫ0&:
aп!#ĳV
LhX
a=-f
3Ը
\cQkkbal
ٰeP
bI-
eLXaMQ:t
0AJ
=mѤjiCn4F
gи`s-
%hW
)"
а
.;\l 

ұt9Gw
Zjz
i]Wbge
+
Jgo߹
`~
ѡ8ROggW
?K6H+
A`Ug
n1yiF
fo%6hR
U;(
j\1е
[d
&c
z+{8
|!
Bhn
[&wowG
ibkaEl
9a&g
`MGiIwn>JjѮZf
@;7S
ϲG0
º0
S$
)WTg#.zfJa
+o*7
-logging_cache_page is NULL
cache_new_data_line at: %d
BASE_STATION_ON
LOGGED_DATA_CACHE
UTC: %d -- START LOGGED_DATA_CACHE SYNC...
UTC: %d -- LOGGED_DATA_CACHE SYNC DONE!
EEPROM disable
EEPROM not enabled: spi send byte
EEPROM not enabled: read status
EEPROM not enabled: write enable
EEPROM not enabled: read data byte
EEPROM not enabled: block read
EEPROM not enabled: write data byte
EEPROM not enabled: page program
EEPROM not enabled: erase sector
EEPROM not enabled: erase sector by queue
lfrco_clocks_target: %d
DBG CLK initial: %d %d
DBG CLK STEP: %d %d
DBG CLK final  : %d %d
LEUART Debug buffer overflow
Welcome to OWW debug! Good Luck!
FIRMWARE_VERSION: %s
BRANCH_NAME: %s
Quick
COMMIT_DATE: %s
4/10/2018
BUILD_DATE: %s
6/13/2019
HASH: %s
7212fd8be73da7d2c0f3eb1021cc4f2c4ce78439
COMMIT_NUMBER: %d
LOW_INTEG_READ
SOCK_OFF
MOVEMENT
CRIT_BATT_ALRT
LOW_HR_ALRT
LOW_OX_ALRT
CRIT_OX_ALRT
HIGH_HR_ALRT
LOW_PA_ALRT
SOCK_DISCON_ALRT
SOCK_CONNECTION
OXYGEN_LEVEL
HEART_RATE
WIFI_PROFILE_STATUS: %d WIFI_RESET
WIFI_PROFILE_STATUS GOOD: %d
RSSI: %d
Error: %d
BUTTON 0 LONG
BUTTON 0 REL
BUTTON 0 SHORT
BUTTON 1 LONG
BUTTON 1 REL
BUTTON 1 SHORT
BUTTON BOTH LONG
BUTTON BOTH REL
BATT_LEVEL
LOW_BATT_ALRT
CHARGE_STATUS
Sock Connected Event
Sock Disconnected Event
SOCK_REC_PLACED

load_image_headers: %d
OTA_STATUS
Begin sock OTA
OTA_ERROR
oem_sock_version
sock_ota_mass_erase
sock_ota_send_password
sock_ota_load_chunk_header %d/%d
file packet %d/%d
Sock OTA needed
Base OTA needed
End sock OTA: %d
BLINK
SOLID
OTHER
PULSE
DOWN
Set: %s %s Dim:%s
Dim:%s
BLINKING
PULSING
BLACK
ORANGE
YELLOW
GREEN
BLUE
INDIGO
VIOLET
WHITE
RED_TEST
GREEN_TEST
BLUE_TEST
YELLOW_TEST
MAGENTA_TEST
CYAN_TEST
WHITE_TEST
NONE
ABCDEFGHIJKLMNOPQRSTUVWXYZabcdefghijklmnopqrstuvwxyz0123456789+/>?456789:;<=

 !"#$%&'()*+,-./01234Q
LFRCO TEST: UUUUUUUUUU %d
LEDS set with Color: %s , Func: %s and Time: %s
INFO
obs_mac: %s
obs_mac_hash: 0x%04x%04x
ADVERTISE
NESTCMD
RESET
BUTTON
RESET_WIFI
PAIR
SET_LEDS
GET_LEDS
GEN_SOUND
CLOCK
File Downloaded
oem_host_version
mcu_image_load, invalid offset: 0x%08X 0x%08X
mcu_image_load, zero length: 0x%08X 0x%08X 0x%08X
mcu_image_check: ver_len: %d
%s %s 
AYLA
PROC
WIFI
TRACE
WARN
FATAL
Unable to request setup
Unable to get setup state
Not in setup mode
Unable to change model
Unable to request model
Unable to get model
OEM model mismatch
Unable to save config
Process timed out
BabyOwl1
OEMMODEL
Invalid OEM model (too long)
Invalid OEM model (unauthorized)
OEM model change in progress
Unknown command
SUCCESS
FAILURE
Nest cmd response: %s:%s
BabyOwl2
BabyOwl3
BabyOwl4
BabyOwl
BabyOwl-EU
BabyOwl-Dev
ON_BOARDING
CMD_REQUEST response: %s
CMD_RESPONSE
Invalid length
Invalid format
CMD_REQUEST received: %s
CMD_REQUEST
%s setVersion: len too long. %d
sock_ota_target: %d
FORCE_SOCK_OTA_ID
BLE_SCAN_DATA
DEVICE_PING
GENDER
APP_ACTIVE
Clear remote APP_ACTIVE.
Clear local APP_ACTIVE.
APP_ACTIVE %d from ADS.
APP_ACTIVE %d from LAN.
BLE_RSSI
BABY_NAME
BIRTHDATE
PREMATURE
SHARE_DATA
ALRT_SNS_BLE
ALRT_SNS_YLW
HIGH_TONE
LOW_TONE
TEMPO
ALARM_VOLUME
LED_DEBUG
LED_BRIGHT
LED_R
LED_G
LED_B
ALRTS_DISABLED
LOW_BATT_PRCNT
oem_base_version
DISABLE_LOGGED_DATA
AGE_MONTHS_OLD
LATITUDE
LONGITUDE
ELEVATION
AVERAGE_DATA
SOCK_DIS_NEST_PREF
SOCK_DIS_APP_PREF
NURSERY_MODE
VITAL_STREAM_ENABLED
INIT STREAM:
INIT STREAM: data valid
INIT STREAM: next: 0x%08X
INIT STREAM: oldest
INIT STREAM: newest: failure to read
INIT STREAM: newest
VS data prop recvd: ignoring
VS data prop recvd: decode_valid
VS data prop recvd: data_valid: 0x%08X, %d
Added log of 0x%08X
Sound Generated with Freq: %s and Time: %s
single_freq
B c0
@P`p
Jk
WiFi Reset Event!
CONFIRM TIMEOUT
Time difference: %d
****LOGGED FILE FATAL ERROR****
%s: DP SEND ERROR
%d != %d
INVALID NAK
NOT ATLV_ERR
Request UTC update.
         (((((                  
AAAAAA
BBBBBB
3ͫ4
m
I
NOADDR000000
NOADDR000000
NOADDR000000
NOADDR000000
NOADDR000000
NOADDR000000
NOADDR000000
(
NOADDR000000

NotAvailable
NotAvailable_NotAvailable
M2_8_0_0_7212
Badain
Invalid!?
X

